<?xml version="1.0" encoding="UTF-8"?>
<testng-results ignored="0" total="10" passed="10" failed="0" skipped="0">
  <reporter-output>
  </reporter-output>
  <suite started-at="2025-01-10T11:26:41 IST" name="All Test Suite" finished-at="2025-01-10T11:28:12 IST" duration-ms="91638">
    <groups>
    </groups>
    <test started-at="2025-01-10T11:26:41 IST" name="C:/Users/MY PC/IdeaProjects/TEST6" finished-at="2025-01-10T11:28:12 IST" duration-ms="91638">
      <class name="com.crm.qa.testcases.HomePageTest">
        <test-method is-config="true" signature="setup()[pri:0, instance:com.crm.qa.testcases.HomePageTest@10683d9d]" started-at="2025-01-10T11:26:53 IST" name="setup" finished-at="2025-01-10T11:27:01 IST" duration-ms="7515" status="PASS">
          <reporter-output>
          </reporter-output>
        </test-method> <!-- setup -->
        <test-method signature="testProductText()[pri:2, instance:com.crm.qa.testcases.HomePageTest@10683d9d]" started-at="2025-01-10T11:27:01 IST" name="testProductText" finished-at="2025-01-10T11:27:01 IST" duration-ms="143" status="PASS">
          <reporter-output>
          </reporter-output>
        </test-method> <!-- testProductText -->
        <test-method is-config="true" signature="testDown()[pri:0, instance:com.crm.qa.testcases.HomePageTest@10683d9d]" started-at="2025-01-10T11:27:01 IST" name="testDown" finished-at="2025-01-10T11:27:01 IST" duration-ms="280" status="PASS">
          <reporter-output>
          </reporter-output>
        </test-method> <!-- testDown -->
        <test-method is-config="true" signature="setup()[pri:0, instance:com.crm.qa.testcases.HomePageTest@10683d9d]" started-at="2025-01-10T11:27:01 IST" name="setup" finished-at="2025-01-10T11:27:09 IST" duration-ms="7781" status="PASS">
          <reporter-output>
          </reporter-output>
        </test-method> <!-- setup -->
        <test-method signature="testCartLink()[pri:3, instance:com.crm.qa.testcases.HomePageTest@10683d9d]" started-at="2025-01-10T11:27:09 IST" name="testCartLink" finished-at="2025-01-10T11:27:09 IST" duration-ms="137" status="PASS">
          <reporter-output>
          </reporter-output>
        </test-method> <!-- testCartLink -->
        <test-method is-config="true" signature="testDown()[pri:0, instance:com.crm.qa.testcases.HomePageTest@10683d9d]" started-at="2025-01-10T11:27:09 IST" name="testDown" finished-at="2025-01-10T11:27:10 IST" duration-ms="495" status="PASS">
          <reporter-output>
          </reporter-output>
        </test-method> <!-- testDown -->
        <test-method is-config="true" signature="setup()[pri:0, instance:com.crm.qa.testcases.HomePageTest@10683d9d]" started-at="2025-01-10T11:27:10 IST" name="setup" finished-at="2025-01-10T11:27:18 IST" duration-ms="8490" status="PASS">
          <reporter-output>
          </reporter-output>
        </test-method> <!-- setup -->
        <test-method signature="printAllLinksTest()[pri:4, instance:com.crm.qa.testcases.HomePageTest@10683d9d]" started-at="2025-01-10T11:27:18 IST" name="printAllLinksTest" finished-at="2025-01-10T11:27:38 IST" duration-ms="20080" status="PASS">
          <reporter-output>
          </reporter-output>
        </test-method> <!-- printAllLinksTest -->
        <test-method is-config="true" signature="testDown()[pri:0, instance:com.crm.qa.testcases.HomePageTest@10683d9d]" started-at="2025-01-10T11:27:38 IST" name="testDown" finished-at="2025-01-10T11:27:39 IST" duration-ms="313" status="PASS">
          <reporter-output>
          </reporter-output>
        </test-method> <!-- testDown -->
        <test-method is-config="true" signature="setup()[pri:0, instance:com.crm.qa.testcases.HomePageTest@10683d9d]" started-at="2025-01-10T11:27:39 IST" name="setup" finished-at="2025-01-10T11:27:48 IST" duration-ms="9670" status="PASS">
          <reporter-output>
          </reporter-output>
        </test-method> <!-- setup -->
        <test-method signature="checkAddToCart()[pri:5, instance:com.crm.qa.testcases.HomePageTest@10683d9d]" started-at="2025-01-10T11:27:48 IST" name="checkAddToCart" finished-at="2025-01-10T11:27:51 IST" duration-ms="2312" status="PASS">
          <reporter-output>
          </reporter-output>
        </test-method> <!-- checkAddToCart -->
        <test-method is-config="true" signature="testDown()[pri:0, instance:com.crm.qa.testcases.HomePageTest@10683d9d]" started-at="2025-01-10T11:27:51 IST" name="testDown" finished-at="2025-01-10T11:27:51 IST" duration-ms="298" status="PASS">
          <reporter-output>
          </reporter-output>
        </test-method> <!-- testDown -->
        <test-method is-config="true" signature="setup()[pri:0, instance:com.crm.qa.testcases.HomePageTest@10683d9d]" started-at="2025-01-10T11:27:51 IST" name="setup" finished-at="2025-01-10T11:27:55 IST" duration-ms="3748" status="PASS">
          <reporter-output>
          </reporter-output>
        </test-method> <!-- setup -->
        <test-method signature="checkRemove()[pri:6, instance:com.crm.qa.testcases.HomePageTest@10683d9d]" started-at="2025-01-10T11:27:55 IST" name="checkRemove" finished-at="2025-01-10T11:27:57 IST" duration-ms="2494" status="PASS">
          <reporter-output>
          </reporter-output>
        </test-method> <!-- checkRemove -->
        <test-method is-config="true" signature="testDown()[pri:0, instance:com.crm.qa.testcases.HomePageTest@10683d9d]" started-at="2025-01-10T11:27:57 IST" name="testDown" finished-at="2025-01-10T11:27:57 IST" duration-ms="158" status="PASS">
          <reporter-output>
          </reporter-output>
        </test-method> <!-- testDown -->
        <test-method is-config="true" signature="setup()[pri:0, instance:com.crm.qa.testcases.HomePageTest@10683d9d]" started-at="2025-01-10T11:27:57 IST" name="setup" finished-at="2025-01-10T11:28:01 IST" duration-ms="3869" status="PASS">
          <reporter-output>
          </reporter-output>
        </test-method> <!-- setup -->
        <test-method signature="validateCartLinkOnClick()[pri:7, instance:com.crm.qa.testcases.HomePageTest@10683d9d]" started-at="2025-01-10T11:28:01 IST" name="validateCartLinkOnClick" finished-at="2025-01-10T11:28:02 IST" duration-ms="274" status="PASS">
          <reporter-output>
          </reporter-output>
        </test-method> <!-- validateCartLinkOnClick -->
        <test-method is-config="true" signature="testDown()[pri:0, instance:com.crm.qa.testcases.HomePageTest@10683d9d]" started-at="2025-01-10T11:28:02 IST" name="testDown" finished-at="2025-01-10T11:28:02 IST" duration-ms="253" status="PASS">
          <reporter-output>
          </reporter-output>
        </test-method> <!-- testDown -->
        <test-method is-config="true" signature="setup()[pri:0, instance:com.crm.qa.testcases.HomePageTest@10683d9d]" started-at="2025-01-10T11:28:02 IST" name="setup" finished-at="2025-01-10T11:28:05 IST" duration-ms="3434" status="PASS">
          <reporter-output>
          </reporter-output>
        </test-method> <!-- setup -->
        <test-method signature="validateCartPage()[pri:8, instance:com.crm.qa.testcases.HomePageTest@10683d9d]" started-at="2025-01-10T11:28:05 IST" name="validateCartPage" finished-at="2025-01-10T11:28:08 IST" duration-ms="2387" status="PASS">
          <reporter-output>
          </reporter-output>
        </test-method> <!-- validateCartPage -->
        <test-method is-config="true" signature="testDown()[pri:0, instance:com.crm.qa.testcases.HomePageTest@10683d9d]" started-at="2025-01-10T11:28:08 IST" name="testDown" finished-at="2025-01-10T11:28:08 IST" duration-ms="198" status="PASS">
          <reporter-output>
          </reporter-output>
        </test-method> <!-- testDown -->
      </class> <!-- com.crm.qa.testcases.HomePageTest -->
      <class name="com.crm.qa.testcases.LoginPageTest">
        <test-method is-config="true" signature="setup()[pri:0, instance:com.crm.qa.testcases.LoginPageTest@459e9125]" started-at="2025-01-10T11:26:41 IST" name="setup" finished-at="2025-01-10T11:26:47 IST" duration-ms="6592" status="PASS">
          <reporter-output>
          </reporter-output>
        </test-method> <!-- setup -->
        <test-method signature="loginPageTitleTest()[pri:1, instance:com.crm.qa.testcases.LoginPageTest@459e9125]" started-at="2025-01-10T11:26:47 IST" name="loginPageTitleTest" finished-at="2025-01-10T11:26:47 IST" duration-ms="48" status="PASS">
          <reporter-output>
          </reporter-output>
        </test-method> <!-- loginPageTitleTest -->
        <test-method is-config="true" signature="testDown()[pri:0, instance:com.crm.qa.testcases.LoginPageTest@459e9125]" started-at="2025-01-10T11:26:47 IST" name="testDown" finished-at="2025-01-10T11:26:48 IST" duration-ms="571" status="PASS">
          <reporter-output>
          </reporter-output>
        </test-method> <!-- testDown -->
        <test-method is-config="true" signature="setup()[pri:0, instance:com.crm.qa.testcases.LoginPageTest@459e9125]" started-at="2025-01-10T11:26:48 IST" name="setup" finished-at="2025-01-10T11:26:51 IST" duration-ms="2824" status="PASS">
          <reporter-output>
          </reporter-output>
        </test-method> <!-- setup -->
        <test-method signature="loginTest()[pri:3, instance:com.crm.qa.testcases.LoginPageTest@459e9125]" started-at="2025-01-10T11:26:51 IST" name="loginTest" finished-at="2025-01-10T11:26:53 IST" duration-ms="1907" status="PASS">
          <reporter-output>
          </reporter-output>
        </test-method> <!-- loginTest -->
        <test-method is-config="true" signature="testDown()[pri:0, instance:com.crm.qa.testcases.LoginPageTest@459e9125]" started-at="2025-01-10T11:26:53 IST" name="testDown" finished-at="2025-01-10T11:26:53 IST" duration-ms="677" status="PASS">
          <reporter-output>
          </reporter-output>
        </test-method> <!-- testDown -->
      </class> <!-- com.crm.qa.testcases.LoginPageTest -->
      <class name="com.crm.qa.testcases.CartPageTest">
        <test-method is-config="true" signature="setup()[pri:0, instance:com.crm.qa.testcases.CartPageTest@477b4cdf]" started-at="2025-01-10T11:28:08 IST" name="setup" finished-at="2025-01-10T11:28:12 IST" duration-ms="3764" status="PASS">
          <reporter-output>
          </reporter-output>
        </test-method> <!-- setup -->
        <test-method signature="validateCartPage()[pri:1, instance:com.crm.qa.testcases.CartPageTest@477b4cdf]" started-at="2025-01-10T11:28:12 IST" name="validateCartPage" finished-at="2025-01-10T11:28:12 IST" duration-ms="435" status="PASS">
          <reporter-output>
          </reporter-output>
        </test-method> <!-- validateCartPage -->
        <test-method is-config="true" signature="testDown()[pri:0, instance:com.crm.qa.testcases.CartPageTest@477b4cdf]" started-at="2025-01-10T11:28:12 IST" name="testDown" finished-at="2025-01-10T11:28:12 IST" duration-ms="294" status="PASS">
          <reporter-output>
          </reporter-output>
        </test-method> <!-- testDown -->
      </class> <!-- com.crm.qa.testcases.CartPageTest -->
    </test> <!-- C:/Users/MY PC/IdeaProjects/TEST6 -->
  </suite> <!-- All Test Suite -->
</testng-results>
